<?xml version="1.0" encoding="UTF-8"?>
<!-- Generated by org.testng.reporters.JUnitReportReporter -->
<testsuite hostname="EPINHYDW0349" failures="0" tests="1" name="runners.CucumberRunnerTest" time="8.974" errors="0" timestamp="2024-06-24T15:10:54 IST" skipped="0">
  <testcase classname="runners.CucumberRunnerTest" name="runScenario" time="8.974"/>
  <system-out/>
</testsuite> <!-- runners.CucumberRunnerTest -->
